----------------------------------------------------------------------------------------------------
------------------------------------ MegaLinter, by OX Security ------------------------------------
----------------------------------------------------------------------------------------------------
 - Image Creation Date: 2024-01-23T00:30:46Z
 - Image Revision: 3953ceadc1b12373830c4102f027f9748c13d192
 - Image Version: beta
----------------------------------------------------------------------------------------------------
The MegaLinter documentation can be found at:
 - https://megalinter.io/beta
----------------------------------------------------------------------------------------------------
::group::MegaLinter initialization (expand for details)
MegaLinter will analyze workspace [/github/workspace]
GITHUB_REPOSITORY: nkor8016/linter-project
GITHUB_REF: refs/heads/test-linter
GITHUB_RUN_ID: 7620823730


CLOJURE_CLJSTYLE has been temporary disabled in MegaLinter, please use a previous MegaLinter version or wait for the next one !
MARKDOWN_REMARK_LINT has been temporary disabled in MegaLinter, please use a previous MegaLinter version or wait for the next one !
Skipped linters: ACTION_ACTIONLINT, ANSIBLE_ANSIBLE_LINT, ARM_ARM_TTK, BASH_EXEC, BASH_SHELLCHECK, BASH_SHFMT, BICEP_BICEP_LINTER, CLOJURE_CLJSTYLE, CLOJURE_CLJ_KONDO, CLOUDFORMATION_CFN_LINT, COFFEE_COFFEELINT, COPYPASTE_JSCPD, CPP_CLANG_FORMAT, CPP_CPPLINT, CSHARP_CSHARPIER, CSHARP_DOTNET_FORMAT, CSHARP_ROSLYNATOR, CSS_SCSS_LINT, CSS_STYLELINT, C_CLANG_FORMAT, C_CPPLINT, DART_DARTANALYZER, DOCKERFILE_HADOLINT, EDITORCONFIG_EDITORCONFIG_CHECKER, ENV_DOTENV_LINTER, GHERKIN_GHERKIN_LINT, GO_GOLANGCI_LINT, GO_REVIVE, GRAPHQL_GRAPHQL_SCHEMA_LINTER, GROOVY_NPM_GROOVY_LINT, HTML_DJLINT, HTML_HTMLHINT, JAVASCRIPT_ES, JAVASCRIPT_PRETTIER, JAVASCRIPT_STANDARD, JAVA_PMD, JSON_ESLINT_PLUGIN_JSONC, JSON_JSONLINT, JSON_NPM_PACKAGE_JSON_LINT, JSON_PRETTIER, JSON_V8R, JSX_ESLINT, KOTLIN_KTLINT, KUBERNETES_HELM, KUBERNETES_KUBECONFORM, KUBERNETES_KUBESCAPE, LATEX_CHKTEX, LUA_LUACHECK, MAKEFILE_CHECKMAKE, MARKDOWN_MARKDOWNLINT, MARKDOWN_MARKDOWN_LINK_CHECK, MARKDOWN_MARKDOWN_TABLE_FORMATTER, MARKDOWN_REMARK_LINT, OPENAPI_SPECTRAL, PERL_PERLCRITIC, PHP_PHPCS, PHP_PHPLINT, PHP_PHPSTAN, PHP_PSALM, POWERSHELL_POWERSHELL, POWERSHELL_POWERSHELL_FORMATTER, PROTOBUF_PROTOLINT, PUPPET_PUPPET_LINT, PYTHON_BANDIT, PYTHON_BLACK, PYTHON_FLAKE8, PYTHON_ISORT, PYTHON_MYPY, PYTHON_PYLINT, PYTHON_PYRIGHT, PYTHON_RUFF, RAKU_RAKU, REPOSITORY_CHECKOV, REPOSITORY_DEVSKIM, REPOSITORY_DUSTILOCK, REPOSITORY_GITLEAKS, REPOSITORY_GIT_DIFF, REPOSITORY_GRYPE, REPOSITORY_KICS, REPOSITORY_SECRETLINT, REPOSITORY_SEMGREP, REPOSITORY_SYFT, REPOSITORY_TRIVY, REPOSITORY_TRIVY_SBOM, REPOSITORY_TRUFFLEHOG, RST_RSTCHECK, RST_RSTFMT, RST_RST_LINT, RUBY_RUBOCOP, RUST_CLIPPY, R_LINTR, SALESFORCE_LIGHTNING_FLOW_SCANNER, SALESFORCE_SFDX_SCANNER_APEX, SALESFORCE_SFDX_SCANNER_AURA, SALESFORCE_SFDX_SCANNER_LWC, SCALA_SCALAFIX, SNAKEMAKE_LINT, SNAKEMAKE_SNAKEFMT, SPELL_CSPELL, SPELL_LYCHEE, SPELL_PROSELINT, SPELL_VALE, SQL_SQLFLUFF, SQL_SQL_LINT, SQL_TSQLLINT, SWIFT_SWIFTLINT, TEKTON_TEKTON_LINT, TERRAFORM_TERRAFORM_FMT, TERRAFORM_TERRAGRUNT, TERRAFORM_TERRASCAN, TERRAFORM_TFLINT, TSX_ESLINT, TYPESCRIPT_ES, TYPESCRIPT_PRETTIER, TYPESCRIPT_STANDARD, VBDOTNET_DOTNET_FORMAT, XML_XMLLINT, YAML_PRETTIER, YAML_V8R, YAML_YAMLLINT
To receive reports as email, please set variable EMAIL_REPORTER_EMAIL
::endgroup::
::group::MegaLinter now collects the files to analyse (expand for details)
Listing all files in directory [/github/workspace], then filter with:
- File extensions: .java
- Excluding .gitignored files [15]: .idea/.gitignore, .idea/InsidiousPlugin.xml, .idea/JetClient/state.xml, .idea/gradle.xml, .idea/jpa-buddy.xml, .idea/misc.xml, .idea/sonarlint/issuestore/1/8/18913ee768238a8a0f7b05934d3c9d74467358a8, .idea/sonarlint/issuestore/a/5/a5cc2925ca8258af241be7e5b0381edf30266302, .idea/sonarlint/issuestore/f/0/f07866736216be0ee2aba49e392191aeae700a35, .idea/sonarlint/issuestore/index.pb,…(full list in DEBUG)
Kept [1] files on [29] found files

+----MATCHING LINTERS-----+----------+----------------+------------+
| Descriptor | Linter     | Criteria | Matching files | Format/Fix |
+------------+------------+----------+----------------+------------+
| JAVA       | checkstyle | .java    | 1              | no         |
+------------+------------+----------+----------------+------------+
::endgroup::
::group::[31m❌ Linted [JAVA] files with [checkstyle]: Found 5 error(s) - (0.72s)[0m (expand for details)
- Using [checkstyle v10.12.7] https://megalinter.io/beta/descriptors/java_checkstyle
- MegaLinter key: [JAVA_CHECKSTYLE]
- Rules config: [/github/workspace/.github/linters/sun_checks.xml]
- Number of files analyzed: [1]
--Error detail:
Starting audit...
[ERROR] /github/workspace/src/main/java/org/syscolabs/coe/Main.java:1: File does not end with a newline. [NewlineAtEndOfFile]
[ERROR] /github/workspace/src/main/java/org/syscolabs/coe/Main.java:3:1: 'class def lcurly' has incorrect indentation level 0, expected level should be 2. [Indentation]
[ERROR] /github/workspace/src/main/java/org/syscolabs/coe/Main.java:4:1: 'method def lcurly' has incorrect indentation level 0, expected level should be one of the following: 4, 6. [Indentation]
[ERROR] /github/workspace/src/main/java/org/syscolabs/coe/Main.java:5:1: 'method def rcurly' has incorrect indentation level 0, expected level should be one of the following: 4, 6. [Indentation]
[ERROR] /github/workspace/src/main/java/org/syscolabs/coe/Main.java:6:1: 'class def rcurly' has incorrect indentation level 0, expected level should be 2. [Indentation]
Audit done.
Checkstyle ends with 5 errors.

::endgroup::
[GitHub Comment Reporter] Posted summary as comment on nkor8016/linter-project #PR2
[Bitbucket Comment Reporter] Required Bitbucket CI CD variables not found, so skipped post of PR comment
[Updated Sources Reporter] No source file has been formatted or fixed

+----SUMMARY-+------------+---------------+-------+-------+--------+--------------+
| Descriptor | Linter     | Mode          | Files | Fixed | Errors | Elapsed time |
+------------+------------+---------------+-------+-------+--------+--------------+
| ❌ JAVA    | checkstyle | list_of_files |     1 |       |      5 |        0.72s |
+------------+------------+---------------+-------+-------+--------+--------------+

[31m❌ Error(s) have been found during linting[0m
To disable linters or customize their checks, you can use a .mega-linter.yml file at the root of your repository
More info at https://megalinter.io/beta/configuration/
